app/build/outputs/logs/manifest-merger-debug-report.txt
-- Merging decision tree log ---
manifest
ADDED from src\main\AndroidManifest.xml:2:1-81:12
	package
		ADDED from src\main\AndroidManifest.xml:3:5-30
		INJECTED from src\main\AndroidManifest.xml
		INJECTED from src\main\AndroidManifest.xml
	android:versionName
		INJECTED from src\main\AndroidManifest.xml
		INJECTED from src\main\AndroidManifest.xml
	xmlns:android
		ADDED from src\main\AndroidManifest.xml:2:11-69
	android:versionCode
		INJECTED from src\main\AndroidManifest.xml
		INJECTED from src\main\AndroidManifest.xml
uses-permission#android.permission.ACCESS_NETWORK_STATE
ADDED from src\main\AndroidManifest.xml:6:5-78
MERGED from [com.google.android.gms:play-services-ads:8.4.0] AndroidManifest.xml:21:5-78
	android:name
		ADDED from src\main\AndroidManifest.xml:6:22-76
uses-permission#android.permission.ACCESS_WIFI_STATE
ADDED from src\main\AndroidManifest.xml:7:5-75
	android:name
		ADDED from src\main\AndroidManifest.xml:7:22-73
uses-permission#android.permission.INTERNET
ADDED from src\main\AndroidManifest.xml:8:5-66
MERGED from [com.google.android.gms:play-services-ads:8.4.0] AndroidManifest.xml:20:5-66
	android:name
		ADDED from src\main\AndroidManifest.xml:8:22-64
uses-permission#android.permission.CALL_PHONE
ADDED from src\main\AndroidManifest.xml:9:5-69
	android:name
		ADDED from src\main\AndroidManifest.xml:9:22-66
uses-permission#android.permission.ACCESS_FINE_LOCATION
ADDED from src\main\AndroidManifest.xml:10:5-78
	android:name
		ADDED from src\main\AndroidManifest.xml:10:22-76
uses-permission#android.permission.ACCESS_COARSE_LOCATION
ADDED from src\main\AndroidManifest.xml:11:5-81
	android:name
		ADDED from src\main\AndroidManifest.xml:11:22-78
uses-permission#android.permission.ACCESS_LOCATION_EXTRA_COMMANDS
ADDED from src\main\AndroidManifest.xml:12:5-89
	android:name
		ADDED from src\main\AndroidManifest.xml:12:22-86
provider#com.facebook.FacebookContentProvider
ADDED from src\main\AndroidManifest.xml:14:5-16:35
	android:authorities
		ADDED from src\main\AndroidManifest.xml:14:15-92
	android:exported
		ADDED from src\main\AndroidManifest.xml:16:9-32
	android:name
		ADDED from src\main\AndroidManifest.xml:15:9-60
application
ADDED from src\main\AndroidManifest.xml:18:5-79:19
MERGED from [com.android.support:appcompat-v7:23.3.0] AndroidManifest.xml:25:5-20
MERGED from [com.android.support:support-vector-drawable:23.3.0] AndroidManifest.xml:7:5-20
MERGED from [com.android.support:support-v4:23.3.0] AndroidManifest.xml:22:5-20
MERGED from [com.android.support:animated-vector-drawable:23.3.0] AndroidManifest.xml:7:5-20
MERGED from [com.android.support:support-vector-drawable:23.3.0] AndroidManifest.xml:7:5-20
MERGED from [com.android.support:support-v4:23.3.0] AndroidManifest.xml:22:5-20
MERGED from [com.android.support:support-v4:23.3.0] AndroidManifest.xml:22:5-20
MERGED from [com.facebook.android:facebook-android-sdk:4.11.0] AndroidManifest.xml:28:5-20
MERGED from [com.android.support:support-v4:23.3.0] AndroidManifest.xml:22:5-20
MERGED from [com.android.support:cardview-v7:23.2.1] AndroidManifest.xml:22:5-20
MERGED from [com.android.support:customtabs:23.2.1] AndroidManifest.xml:22:5-20
MERGED from [com.android.support:support-v4:23.3.0] AndroidManifest.xml:22:5-20
MERGED from [com.android.support:appcompat-v7:23.3.0] AndroidManifest.xml:25:5-20
MERGED from [com.android.support:support-vector-drawable:23.3.0] AndroidManifest.xml:7:5-20
MERGED from [com.android.support:support-v4:23.3.0] AndroidManifest.xml:22:5-20
MERGED from [com.android.support:animated-vector-drawable:23.3.0] AndroidManifest.xml:7:5-20
MERGED from [com.android.support:support-vector-drawable:23.3.0] AndroidManifest.xml:7:5-20
MERGED from [com.android.support:support-v4:23.3.0] AndroidManifest.xml:22:5-20
MERGED from [com.android.support:support-v4:23.3.0] AndroidManifest.xml:22:5-20
MERGED from [com.google.android.gms:play-services-ads:8.4.0] AndroidManifest.xml:24:5-32:19
MERGED from [com.google.android.gms:play-services-basement:8.4.0] AndroidManifest.xml:20:5-24:19
MERGED from [com.android.support:support-v4:23.3.0] AndroidManifest.xml:22:5-20
MERGED from [com.android.support:support-v4:23.3.0] AndroidManifest.xml:22:5-20
	android:label
		ADDED from src\main\AndroidManifest.xml:23:9-41
	android:allowBackup
		ADDED from src\main\AndroidManifest.xml:19:9-35
	android:icon
		ADDED from src\main\AndroidManifest.xml:21:9-45
	android:theme
		ADDED from src\main\AndroidManifest.xml:24:9-48
	android:logo
		ADDED from src\main\AndroidManifest.xml:22:9-51
	android:name
		ADDED from src\main\AndroidManifest.xml:20:9-57
meta-data#com.facebook.sdk.ApplicationId
ADDED from src\main\AndroidManifest.xml:25:9-107
	android:value
		ADDED from src\main\AndroidManifest.xml:25:66-105
	android:name
		ADDED from src\main\AndroidManifest.xml:25:20-65
activity#com.anpa.anpacr.activities.SplashScreenActivity
ADDED from src\main\AndroidManifest.xml:33:9-39:20
	android:name
		ADDED from src\main\AndroidManifest.xml:33:19-66
intent-filter#android.intent.action.MAIN+android.intent.category.LAUNCHER
ADDED from src\main\AndroidManifest.xml:34:13-38:29
action#android.intent.action.MAIN
ADDED from src\main\AndroidManifest.xml:35:17-69
	android:name
		ADDED from src\main\AndroidManifest.xml:35:25-66
category#android.intent.category.LAUNCHER
ADDED from src\main\AndroidManifest.xml:37:17-77
	android:name
		ADDED from src\main\AndroidManifest.xml:37:27-74
activity#com.anpa.anpacr.activities.NewsActivity
ADDED from src\main\AndroidManifest.xml:42:9-85
	android:name
		ADDED from src\main\AndroidManifest.xml:42:19-73
activity#com.anpa.anpacr.activities.LostActivity
ADDED from src\main\AndroidManifest.xml:43:9-85
	android:name
		ADDED from src\main\AndroidManifest.xml:43:19-73
activity#com.anpa.anpacr.activities.CastrationActivity
ADDED from src\main\AndroidManifest.xml:44:9-91
	android:name
		ADDED from src\main\AndroidManifest.xml:44:19-79
activity#com.anpa.anpacr.activities.ContactusActivity
ADDED from src\main\AndroidManifest.xml:45:9-90
	android:name
		ADDED from src\main\AndroidManifest.xml:45:19-78
activity#com.anpa.anpacr.activities.DonationActivity
ADDED from src\main\AndroidManifest.xml:46:9-89
	android:name
		ADDED from src\main\AndroidManifest.xml:46:19-77
activity#com.anpa.anpacr.activities.TipsActivity
ADDED from src\main\AndroidManifest.xml:47:9-85
	android:name
		ADDED from src\main\AndroidManifest.xml:47:19-73
activity#com.anpa.anpacr.activities.DetailNewsActivity
ADDED from src\main\AndroidManifest.xml:48:9-91
	android:name
		ADDED from src\main\AndroidManifest.xml:48:19-79
activity#com.anpa.anpacr.activities.DetailCastrationActivity
ADDED from src\main\AndroidManifest.xml:49:9-97
	android:name
		ADDED from src\main\AndroidManifest.xml:49:19-85
activity#com.anpa.anpacr.activities.DetailTipActivity
ADDED from src\main\AndroidManifest.xml:50:9-90
	android:name
		ADDED from src\main\AndroidManifest.xml:50:19-78
activity#com.anpa.anpacr.activities.DetailLostActivity
ADDED from src\main\AndroidManifest.xml:51:9-91
	android:name
		ADDED from src\main\AndroidManifest.xml:51:19-79
activity#com.anpa.anpacr.activities.HomeActivity
ADDED from src\main\AndroidManifest.xml:52:9-85
	android:name
		ADDED from src\main\AndroidManifest.xml:52:19-73
activity#com.anpa.anpacr.activities.TipSearchActivity
ADDED from src\main\AndroidManifest.xml:53:9-90
	android:name
		ADDED from src\main\AndroidManifest.xml:53:19-78
activity#com.anpa.anpacr.activities.AddTipActivity
ADDED from src\main\AndroidManifest.xml:54:9-87
	android:name
		ADDED from src\main\AndroidManifest.xml:54:19-75
activity#com.anpa.anpacr.activities.AddLostActivity
ADDED from src\main\AndroidManifest.xml:55:9-88
	android:name
		ADDED from src\main\AndroidManifest.xml:55:19-76
activity#com.facebook.FacebookActivity
ADDED from src\main\AndroidManifest.xml:58:9-62:46
	android:label
		ADDED from src\main\AndroidManifest.xml:62:11-43
	android:configChanges
		ADDED from src\main\AndroidManifest.xml:59:11-113
	android:theme
		ADDED from src\main\AndroidManifest.xml:61:11-70
	android:name
		ADDED from src\main\AndroidManifest.xml:58:19-63
service#com.paypal.android.sdk.payments.PayPalService
ADDED from src\main\AndroidManifest.xml:65:9-106
	android:exported
		ADDED from src\main\AndroidManifest.xml:65:79-103
	android:name
		ADDED from src\main\AndroidManifest.xml:65:18-78
activity#com.paypal.android.sdk.payments.PaymentActivity
ADDED from src\main\AndroidManifest.xml:67:9-84
	android:name
		ADDED from src\main\AndroidManifest.xml:67:19-81
activity#com.paypal.android.sdk.payments.LoginActivity
ADDED from src\main\AndroidManifest.xml:68:9-82
	android:name
		ADDED from src\main\AndroidManifest.xml:68:19-79
activity#com.paypal.android.sdk.payments.PaymentMethodActivity
ADDED from src\main\AndroidManifest.xml:69:9-90
	android:name
		ADDED from src\main\AndroidManifest.xml:69:19-87
activity#com.paypal.android.sdk.payments.PaymentConfirmActivity
ADDED from src\main\AndroidManifest.xml:70:9-91
	android:name
		ADDED from src\main\AndroidManifest.xml:70:19-88
activity#com.paypal.android.sdk.payments.PayPalFuturePaymentActivity
ADDED from src\main\AndroidManifest.xml:71:9-96
	android:name
		ADDED from src\main\AndroidManifest.xml:71:19-93
activity#com.paypal.android.sdk.payments.FuturePaymentConsentActivity
ADDED from src\main\AndroidManifest.xml:72:9-97
	android:name
		ADDED from src\main\AndroidManifest.xml:72:19-94
activity#com.paypal.android.sdk.payments.FuturePaymentInfoActivity
ADDED from src\main\AndroidManifest.xml:73:9-94
	android:name
		ADDED from src\main\AndroidManifest.xml:73:19-91
activity#io.card.payment.CardIOActivity
ADDED from src\main\AndroidManifest.xml:74:9-76:66
	android:configChanges
		ADDED from src\main\AndroidManifest.xml:76:13-63
	android:name
		ADDED from src\main\AndroidManifest.xml:75:13-58
activity#io.card.payment.DataEntryActivity
ADDED from src\main\AndroidManifest.xml:77:9-70
	android:name
		ADDED from src\main\AndroidManifest.xml:77:19-67
uses-sdk
INJECTED from src\main\AndroidManifest.xml reason: use-sdk injection requested
MERGED from [com.android.support:appcompat-v7:23.3.0] AndroidManifest.xml:21:5-23:78
MERGED from [com.android.support:support-vector-drawable:23.3.0] AndroidManifest.xml:5:5-43
MERGED from [com.android.support:support-v4:23.3.0] AndroidManifest.xml:20:5-43
MERGED from [com.android.support:animated-vector-drawable:23.3.0] AndroidManifest.xml:5:5-44
MERGED from [com.android.support:support-vector-drawable:23.3.0] AndroidManifest.xml:5:5-43
MERGED from [com.android.support:support-v4:23.3.0] AndroidManifest.xml:20:5-43
MERGED from [com.android.support:support-v4:23.3.0] AndroidManifest.xml:20:5-43
MERGED from [com.facebook.android:facebook-android-sdk:4.11.0] AndroidManifest.xml:24:5-26:41
MERGED from [com.android.support:support-v4:23.3.0] AndroidManifest.xml:20:5-43
MERGED from [com.android.support:cardview-v7:23.2.1] AndroidManifest.xml:20:5-43
MERGED from [com.android.support:customtabs:23.2.1] AndroidManifest.xml:20:5-44
MERGED from [com.android.support:support-v4:23.3.0] AndroidManifest.xml:20:5-43
MERGED from [com.facebook.android:audience-network-sdk:4.11.0] AndroidManifest.xml:8:5-10:41
MERGED from [com.android.support:appcompat-v7:23.3.0] AndroidManifest.xml:21:5-23:78
MERGED from [com.android.support:support-vector-drawable:23.3.0] AndroidManifest.xml:5:5-43
MERGED from [com.android.support:support-v4:23.3.0] AndroidManifest.xml:20:5-43
MERGED from [com.android.support:animated-vector-drawable:23.3.0] AndroidManifest.xml:5:5-44
MERGED from [com.android.support:support-vector-drawable:23.3.0] AndroidManifest.xml:5:5-43
MERGED from [com.android.support:support-v4:23.3.0] AndroidManifest.xml:20:5-43
MERGED from [com.android.support:support-v4:23.3.0] AndroidManifest.xml:20:5-43
MERGED from [com.google.android.gms:play-services-ads:8.4.0] AndroidManifest.xml:23:5-42
MERGED from [com.google.android.gms:play-services-basement:8.4.0] AndroidManifest.xml:18:5-42
MERGED from [com.android.support:support-v4:23.3.0] AndroidManifest.xml:20:5-43
MERGED from [com.android.support:recyclerview-v7:23.1.0] AndroidManifest.xml:20:5-43
MERGED from [com.android.support:support-v4:23.3.0] AndroidManifest.xml:20:5-43
	tools:overrideLibrary
		ADDED from [com.android.support:appcompat-v7:23.3.0] AndroidManifest.xml:23:9-75
	android:targetSdkVersion
		INJECTED from src\main\AndroidManifest.xml
		INJECTED from src\main\AndroidManifest.xml
	android:minSdkVersion
		INJECTED from src\main\AndroidManifest.xml
		INJECTED from src\main\AndroidManifest.xml
activity#com.google.android.gms.ads.AdActivity
ADDED from [com.google.android.gms:play-services-ads:8.4.0] AndroidManifest.xml:26:9-29:64
	android:configChanges
		ADDED from [com.google.android.gms:play-services-ads:8.4.0] AndroidManifest.xml:28:13-122
	android:theme
		ADDED from [com.google.android.gms:play-services-ads:8.4.0] AndroidManifest.xml:29:13-61
	android:name
		ADDED from [com.google.android.gms:play-services-ads:8.4.0] AndroidManifest.xml:27:13-65
activity#com.google.android.gms.ads.purchase.InAppPurchaseActivity
ADDED from [com.google.android.gms:play-services-ads:8.4.0] AndroidManifest.xml:30:9-31:52
	android:theme
		ADDED from [com.google.android.gms:play-services-ads:8.4.0] AndroidManifest.xml:31:13-50
	android:name
		ADDED from [com.google.android.gms:play-services-ads:8.4.0] AndroidManifest.xml:30:19-91
meta-data#com.google.android.gms.version
ADDED from [com.google.android.gms:play-services-basement:8.4.0] AndroidManifest.xml:21:9-23:69
	android:value
		ADDED from [com.google.android.gms:play-services-basement:8.4.0] AndroidManifest.xml:23:13-66
	android:name
		ADDED from [com.google.android.gms:play-services-basement:8.4.0] AndroidManifest.xml:22:13-58